# Please, don't change the idx
# but you may change the order of the entries

# Version in Portuguese maintained by João Frade | 100Nome.blogs.sapo.pt
# Uma atualização no jogo requer atualizar a tradução? Contacte-nos pelo nosso site.
# Mais jogos em português? Visita o nosso site.
# 100Nome.blogs.sapo.pt

*[idx] 0 [engl] PRESS ANY KEY TO START [trans] PRIME UMA TECLA PARA COMEÇAR
*[idx] 1 [engl] Enter an event [trans] Entrar num evento
*[idx] 2 [engl] Practice [trans] Praticar
*[idx] 3 [engl] Configuration [trans] Configuração
*[idx] 4 [engl] Credits [trans] Créditos
*[idx] 5 [engl] Quit [trans] Sair
*[idx] 6 [engl] Select an event [trans] Seleciona um evento
*[idx] 7 [engl] Select a cup [trans] Seleciona uma liga
*[idx] 8 [engl] Back [trans] Voltar
*[idx] 9 [engl] Continue [trans] Continuar
*[idx] 10 [engl] You cannot enter this cup yet [trans] Ainda não podes participar nesta liga

*[idx] 11 [engl] Herring: [trans] Arenques:
*[idx] 12 [engl] Time: [trans] Tempo:
*[idx] 13 [engl] Race! [trans] Correr!
*[idx] 14 [engl] seconds [trans] segundos
*[idx] 15 [engl] Ok [trans] OK
*[idx] 16 [engl] Congratulations! You won the cup! [trans] Parabéns! Venceste a liga!
*[idx] 17 [engl] You have reached level [trans] Alcançaste o nível
*[idx] 18 [engl] Sorry, you didn't advance [trans] Sinto muito, ficas por aqui
*[idx] 19 [engl] You don't have any lives left [trans] Não te sobra nenhuma vida
*[idx] 20 [engl] Select a race [trans] Seleciona uma corrida

*[idx] 21 [engl] Failed, -1 Tuxlive [trans] Retido, -1 vida
*[idx] 22 [engl] Success, +/- 0 Tuxlive [trans] Passado
*[idx] 23 [engl] Success, +1 Tuxlive [trans] Passado, +1 vida
*[idx] 24 [engl] Success, +2 Tuxlive [trans] Passado, +2 vidas
*[idx] 25 [engl] Race aborted [trans] Corrida abortada
*[idx] 26 [engl] Score: [trans] Pontuação:
*[idx] 27 [engl] points [trans] pontos

*[idx] 28 [engl] Cancel [trans] Cancelar
*[idx] 29 [engl] Loading [trans] A carregar
*[idx] 30 [engl] Please wait... [trans] Por favor, aguarda...
*[idx] 31 [engl] Fullscreen: [trans] Ecrã inteiro:
*[idx] 32 [engl] Resolution: [trans] Resolução:
*[idx] 33 [engl] Music volume: [trans] Volume da música:
*[idx] 34 [engl] Sound volume: [trans] Volume dos sons:
*[idx] 35 [engl] Language: [trans] Idioma:
*[idx] 36 [engl] Level of detail: [trans] Nível de detalhe:
*[idx] 37 [engl] Contributed by: [trans] Criado por:
*[idx] 38 [engl] Event: [trans] Evento:
*[idx] 39 [engl] Cup: [trans] Liga:
*[idx] 40 [engl] Race Over [trans] Corrida Terminada

*[idx] 41 [engl] For more configuration options, please edit the [trans] Para mais opções de configuração, por favor edita
*[idx] 42 [engl] file 'options.txt' and read the documentation. [trans] o ficheiro 'options.txt' e lê a documentação.

*[idx] 43 [engl] Help [trans] Ajuda
*[idx] 44 [engl] 1, 2, 3 - change view mode [trans] 1, 2, 3 - alterar câmara
*[idx] 45 [engl] F - hide/show fps display [trans] F - mostrar/ocultar info de FPS
*[idx] 46 [engl] H - hide/show hud display [trans] H - mostrar/ocultar info do jogo
*[idx] 47 [engl] C - screenshot [trans] C - captura de ecrã
*[idx] 48 [engl] U - toggle ui snow [trans] U - ativar/desativar neve (menus)
*[idx] 49 [engl] P - set pause mode [trans] P - entrar em Pausa
*[idx] 50 [engl] T - trick [trans] T - pirueta
*[idx] 51 [engl] ESC - abort Race [trans] ESC - abortar Corrida
*[idx] 52 [engl] SPACE - jump [trans] ESPAÇO - saltar
*[idx] 53 [engl] CRSR Left - turn left [trans] SETA Esquerda - virar à esquerda
*[idx] 54 [engl] CRSR Right - turn right [trans] SETA Direita - virar à direita
*[idx] 55 [engl] CRSR Up - accelerate [trans] SETA Cima - acelerar
*[idx] 56 [engl] CRSR down - brake [trans] SETA Baixo - travar
*[idx] 57 [engl] Keyboard Functions [trans] Funções das Teclas

*[idx] 58 [engl] Select your player name: [trans] Seleciona o teu nome de jogador:
*[idx] 59 [engl] Select a character: [trans] Seleciona uma personagem:
*[idx] 60 [engl] Enter [trans] Entrar
*[idx] 61 [engl] Register a new player [trans] Registar novo jogador
*[idx] 62 [engl] Highscore list [trans] Lista de recordes
*[idx] 63 [engl] No entries for this race [trans] Sem entradas para esta corrida
*[idx] 64 [engl] Back [trans] Voltar
*[idx] 65 [engl] Press any key to return to the main menu [trans] Prime qualquer tecla para voltar ao menu inicial
*[idx] 66 [engl] Enter a name for the new player and select an avatar: [trans] Introduz um nome para o novo jogador e seleciona um avatar:
*[idx] 67 [engl] Loading resources, [trans] A carregar recursos,	
*[idx] 68 [engl] please wait [trans] por favor, aguarda

*[idx] 69 [engl] Mirror track: Off [trans] Espelhar pista: não
*[idx] 70 [engl] Mirror track: On [trans] Espelhar pista: sim

*[idx] 71 [engl] Light: Sunny [trans] Luz: soalheiro
*[idx] 72 [engl] Light: Cloudy [trans] Luz: nublado
*[idx] 73 [engl] Light: Evening [trans] Luz: tardinha
*[idx] 74 [engl] Light: Night [trans] Luz: noite

*[idx] 75 [engl] Snow: No [trans] Neve: não
*[idx] 76 [engl] Snow: A little [trans] Neve: poucochinha
*[idx] 77 [engl] Snow: Some [trans] Neve: alguma
*[idx] 78 [engl] Snow: A lot [trans] Neve: bastante

*[idx] 79 [engl] Wind: No [trans] Vento: não
*[idx] 80 [engl] Wind: Breeze [trans] Vento: brisa
*[idx] 81 [engl] Wind: Strong [trans] Vento: forte
*[idx] 82 [engl] Wind: Blustery [trans] Vento: Ericeira (ventania)

*[idx] 83 [engl] Randomize settings [trans] Aleatorizar opções

*[idx] 84 [engl] Score [trans] Pontuação
*[idx] 85 [engl] Herring [trans] Arenques
*[idx] 86 [engl] Time [trans] Tempo
*[idx] 87 [engl] Path length [trans] Distância percorrida
*[idx] 88 [engl] Average speed [trans] Velocidade média
*[idx] 89 [engl] Position [trans]  
*[idx] 90 [engl] in highscore list [trans] º lugar na lista de Recordes

*[idx] 91 [engl] Author [trans] Autor

*[idx] 92 [engl] Loading courses failed. [trans] Falha ao carregar circuitos.
*[idx] 93 [engl] Loading characters failed. [trans] Falha ao carregar personagens.
*[idx] 94 [engl] Loading environments failed. [trans] Falha ao carregar cenários.
*[idx] 95 [engl] Loading terrains failed. [trans] Falha ao carregar terrenos.
*[idx] 96 [engl] Loading avatars failed. [trans] Falha ao carregar avatares.
*[idx] 97 [engl] herrings [trans] arenques
*[idx] 98 [engl] sec [trans] seg.

*[idx] 99 [engl] 1st [trans] 1º
*[idx] 100 [engl] 2nd [trans] 2º
*[idx] 101 [engl] 3rd [trans] 3º
*[idx] 102 [engl] 4th [trans] 4º
*[idx] 103 [engl] 5th [trans] 5º
*[idx] 104 [engl] 6th [trans] 6º
*[idx] 105 [engl] 7th [trans] 7º
*[idx] 106 [engl] 8th [trans] 8º
*[idx] 107 [engl] 9th [trans] 9º
*[idx] 108 [engl] 10th [trans] 10º

*[idx] 109 [engl] Unknown [trans] Desconhecido